{"obj": {"type": "AssignString", "path": ["sys", "description"], "value": ""}, "version": 1, "at": 1720267349.083509}
{"obj": {"type": "AssignString", "path": ["monitoring", "07a4a04f", "hostname"], "value": "MacBook-Air-Muhammad.local"}, "version": 2, "at": 1720267349.083874}
{"obj": {"type": "AssignString", "path": ["sys", "hostname"], "value": "MacBook-Air-Muhammad.local"}, "version": 3, "at": 1720267349.083984}
{"obj": {"type": "AssignString", "path": ["monitoring", "07a4a04f", "pid"], "value": "45190"}, "version": 4, "at": 1720267349.084085}
{"obj": {"type": "AssignString", "path": ["monitoring", "07a4a04f", "tid"], "value": "8546782208"}, "version": 5, "at": 1720267349.084169}
{"obj": {"type": "AssignBool", "path": ["sys", "failed"], "value": false}, "version": 6, "at": 1720267349.084233}
{"obj": {"type": "ClearStringLog", "path": ["monitoring", "07a4a04f", "stdout"]}, "version": 7, "at": 1720267349.084358}
{"obj": {"type": "ClearStringLog", "path": ["monitoring", "07a4a04f", "stderr"]}, "version": 8, "at": 1720267349.0844429}
{"obj": {"type": "AssignString", "path": ["source_code", "entrypoint"], "value": "train.py"}, "version": 9, "at": 1720267349.084855}
{"obj": {"type": "UploadFileSet", "path": ["source_code", "files"], "file_globs": ["/Users/emhaihsan/Documents/Github/twitter-sentiment-train/train.py"], "reset": "False"}, "version": 10, "at": 1720267349.084942}
{"obj": {"type": "UploadFile", "path": ["source_code", "diff"], "ext": "patch", "file_path": null, "tmp_file_name": "source_code_diff-1720267349.130708-2024-07-06_19.02.29.130708.patch", "clean_after_upload": false}, "version": 11, "at": 1720267349.131084}
{"obj": {"type": "UploadFile", "path": ["source_code", "upstream_diff_85410c7804bd1aba2b3d60f87cbde399378f304e"], "ext": "patch", "file_path": null, "tmp_file_name": "source_code_upstream_diff_85410c7804bd1aba2b3d60f87cbde399378f304e-1720267349.131236-2024-07-06_19.02.29.131236.patch", "clean_after_upload": false}, "version": 12, "at": 1720267349.131445}
{"obj": {"type": "ConfigFloatSeries", "path": ["monitoring", "07a4a04f", "cpu"], "min": 0.0, "max": 100.0, "unit": "%"}, "version": 13, "at": 1720267349.135989}
{"obj": {"type": "ClearFloatLog", "path": ["monitoring", "07a4a04f", "cpu"]}, "version": 14, "at": 1720267349.136408}
{"obj": {"type": "LogStrings", "path": ["monitoring", "07a4a04f", "stdout"], "values": [{"value": "[neptune] [warning] Info (NVML): NVML Shared Library Not Found. GPU usage metrics may not be reported. For more information, see https://docs.neptune.ai/help/nvml_error/\n", "step": null, "ts": 1720267349.136849}]}, "version": 15, "at": 1720267349.136872}
{"obj": {"type": "ConfigFloatSeries", "path": ["monitoring", "07a4a04f", "memory"], "min": 0.0, "max": 8.0, "unit": "GB"}, "version": 16, "at": 1720267349.137076}
{"obj": {"type": "ClearFloatLog", "path": ["monitoring", "07a4a04f", "memory"]}, "version": 17, "at": 1720267349.137119}
{"obj": {"type": "LogFloats", "path": ["monitoring", "07a4a04f", "cpu"], "values": [{"value": 12.7, "step": null, "ts": 1720267349.137204}]}, "version": 18, "at": 1720267349.137315}
{"obj": {"type": "LogFloats", "path": ["monitoring", "07a4a04f", "memory"], "values": [{"value": 6.5038909912109375, "step": null, "ts": 1720267349.137204}]}, "version": 19, "at": 1720267349.137642}
{"obj": {"type": "AssignInt", "path": ["models", "Logistic Regression", "v1.0.0", "parameters", "max_iter"], "value": 1000}, "version": 20, "at": 1720267349.695372}
{"obj": {"type": "LogStrings", "path": ["monitoring", "07a4a04f", "stdout"], "values": [{"value": "(64000, 10000)", "step": null, "ts": 1720267349.6958551}]}, "version": 21, "at": 1720267349.69589}
{"obj": {"type": "LogStrings", "path": ["monitoring", "07a4a04f", "stdout"], "values": [{"value": " ", "step": null, "ts": 1720267349.695947}]}, "version": 22, "at": 1720267349.695955}
{"obj": {"type": "LogStrings", "path": ["monitoring", "07a4a04f", "stdout"], "values": [{"value": "(64000,)", "step": null, "ts": 1720267349.695987}]}, "version": 23, "at": 1720267349.695992}
{"obj": {"type": "LogStrings", "path": ["monitoring", "07a4a04f", "stdout"], "values": [{"value": "\n", "step": null, "ts": 1720267349.696018}]}, "version": 24, "at": 1720267349.696022}
{"obj": {"type": "UploadFile", "path": ["models", "Logistic Regression", "v1.0.0", "artifact"], "ext": "joblib", "file_path": "/Users/emhaihsan/Documents/Github/twitter-sentiment-train/Logistic Regression_v1.0.0.joblib", "tmp_file_name": null, "clean_after_upload": false}, "version": 25, "at": 1720267349.824181}
{"obj": {"type": "AssignString", "path": ["models", "Logistic Regression", "v1.0.0", "classification_report"], "value": "              precision    recall  f1-score   support\n\n           0       0.77      0.74      0.76    160000\n           1       0.75      0.78      0.77    160000\n\n    accuracy                           0.76    320000\n   macro avg       0.76      0.76      0.76    320000\nweighted avg       0.76      0.76      0.76    320000\n"}, "version": 26, "at": 1720267350.198007}
{"obj": {"type": "AssignInt", "path": ["models", "Random Forest", "v1.0.0", "parameters", "n_estimators"], "value": 100}, "version": 27, "at": 1720267350.198155}
{"obj": {"type": "LogStrings", "path": ["monitoring", "07a4a04f", "stdout"], "values": [{"value": "Classification Report for Logistic Regression (Version v1.0.0):\n              precision    recall  f1-score   support\n\n           0       0.77      0.74      0.76    160000\n           1       0.75      0.78      0.77    160000\n\n    accuracy                           0.76    320000\n   macro avg       0.76      0.76      0.76    320000\nweighted avg       0.76      0.76      0.76    320000\n\n", "step": null, "ts": 1720267350.201833}]}, "version": 28, "at": 1720267350.201851}
{"obj": {"type": "LogStrings", "path": ["monitoring", "07a4a04f", "stdout"], "values": [{"value": "\n", "step": null, "ts": 1720267350.201901}]}, "version": 29, "at": 1720267350.2019079}
{"obj": {"type": "LogStrings", "path": ["monitoring", "07a4a04f", "stderr"], "values": [{"value": "[neptune] [warning] /Users/emhaihsan/Documents/Github/twitter-sentiment-train/train.py:69: NeptuneUnsupportedType: You're attempting to log a type that is not directly supported by Neptune (<class 'NoneType'>).\n        Convert the value to a supported type, such as a string or float, or use stringify_unsupported(obj)\n        for dictionaries or collections that contain unsupported values.\n        For more, see https://docs.neptune.ai/help/value_of_unsupported_type\n", "step": null, "ts": 1720267350.202181}]}, "version": 30, "at": 1720267350.202188}
{"obj": {"type": "LogFloats", "path": ["monitoring", "07a4a04f", "cpu"], "values": [{"value": 21.9, "step": null, "ts": 1720267359.142623}]}, "version": 31, "at": 1720267359.142934}
{"obj": {"type": "LogFloats", "path": ["monitoring", "07a4a04f", "memory"], "values": [{"value": 6.6119842529296875, "step": null, "ts": 1720267359.142623}]}, "version": 32, "at": 1720267359.1430552}
{"obj": {"type": "LogFloats", "path": ["monitoring", "07a4a04f", "cpu"], "values": [{"value": 19.0, "step": null, "ts": 1720267369.147923}]}, "version": 33, "at": 1720267369.148261}
{"obj": {"type": "LogFloats", "path": ["monitoring", "07a4a04f", "memory"], "values": [{"value": 6.5704193115234375, "step": null, "ts": 1720267369.147923}]}, "version": 34, "at": 1720267369.148372}
{"obj": {"type": "LogFloats", "path": ["monitoring", "07a4a04f", "cpu"], "values": [{"value": 18.0, "step": null, "ts": 1720267379.153216}]}, "version": 35, "at": 1720267379.153429}
{"obj": {"type": "LogFloats", "path": ["monitoring", "07a4a04f", "memory"], "values": [{"value": 6.6746673583984375, "step": null, "ts": 1720267379.153216}]}, "version": 36, "at": 1720267379.153553}
{"obj": {"type": "LogFloats", "path": ["monitoring", "07a4a04f", "cpu"], "values": [{"value": 18.2, "step": null, "ts": 1720267389.158077}]}, "version": 37, "at": 1720267389.158292}
{"obj": {"type": "LogFloats", "path": ["monitoring", "07a4a04f", "memory"], "values": [{"value": 6.7605438232421875, "step": null, "ts": 1720267389.158077}]}, "version": 38, "at": 1720267389.158397}
{"obj": {"type": "LogFloats", "path": ["monitoring", "07a4a04f", "cpu"], "values": [{"value": 23.2, "step": null, "ts": 1720267399.158902}]}, "version": 39, "at": 1720267399.159555}
{"obj": {"type": "LogFloats", "path": ["monitoring", "07a4a04f", "memory"], "values": [{"value": 6.73394775390625, "step": null, "ts": 1720267399.158902}]}, "version": 40, "at": 1720267399.1597881}
{"obj": {"type": "LogFloats", "path": ["monitoring", "07a4a04f", "cpu"], "values": [{"value": 19.8, "step": null, "ts": 1720267409.16399}]}, "version": 41, "at": 1720267409.1643012}
{"obj": {"type": "LogFloats", "path": ["monitoring", "07a4a04f", "memory"], "values": [{"value": 6.824432373046875, "step": null, "ts": 1720267409.16399}]}, "version": 42, "at": 1720267409.1644402}
{"obj": {"type": "UploadFile", "path": ["models", "Random Forest", "v1.0.0", "artifact"], "ext": "joblib", "file_path": "/Users/emhaihsan/Documents/Github/twitter-sentiment-train/Random Forest_v1.0.0.joblib", "tmp_file_name": null, "clean_after_upload": false}, "version": 43, "at": 1720267416.78349}
{"obj": {"type": "LogFloats", "path": ["monitoring", "07a4a04f", "cpu"], "values": [{"value": 35.1, "step": null, "ts": 1720267419.1689541}]}, "version": 44, "at": 1720267419.169652}
{"obj": {"type": "LogFloats", "path": ["monitoring", "07a4a04f", "memory"], "values": [{"value": 6.8062591552734375, "step": null, "ts": 1720267419.1689541}]}, "version": 45, "at": 1720267419.169852}
{"obj": {"type": "LogFloats", "path": ["monitoring", "07a4a04f", "cpu"], "values": [{"value": 30.6, "step": null, "ts": 1720267429.173892}]}, "version": 46, "at": 1720267429.174448}
{"obj": {"type": "LogFloats", "path": ["monitoring", "07a4a04f", "memory"], "values": [{"value": 6.44805908203125, "step": null, "ts": 1720267429.173892}]}, "version": 47, "at": 1720267429.174623}
{"obj": {"type": "LogFloats", "path": ["monitoring", "07a4a04f", "cpu"], "values": [{"value": 23.9, "step": null, "ts": 1720267439.17873}]}, "version": 48, "at": 1720267439.178894}
{"obj": {"type": "LogFloats", "path": ["monitoring", "07a4a04f", "memory"], "values": [{"value": 6.368560791015625, "step": null, "ts": 1720267439.17873}]}, "version": 49, "at": 1720267439.179026}
{"obj": {"type": "AssignString", "path": ["models", "Random Forest", "v1.0.0", "classification_report"], "value": "              precision    recall  f1-score   support\n\n           0       0.75      0.75      0.75    160000\n           1       0.75      0.75      0.75    160000\n\n    accuracy                           0.75    320000\n   macro avg       0.75      0.75      0.75    320000\nweighted avg       0.75      0.75      0.75    320000\n"}, "version": 50, "at": 1720267448.560277}
{"obj": {"type": "AssignInt", "path": ["models", "SVM", "v1.0.0", "parameters", "C"], "value": 1}, "version": 51, "at": 1720267448.5607}
{"obj": {"type": "LogStrings", "path": ["monitoring", "07a4a04f", "stdout"], "values": [{"value": "Classification Report for Random Forest (Version v1.0.0):\n              precision    recall  f1-score   support\n\n           0       0.75      0.75      0.75    160000\n           1       0.75      0.75      0.75    160000\n\n    accuracy                           0.75    320000\n   macro avg       0.75      0.75      0.75    320000\nweighted avg       0.75      0.75      0.75    320000\n\n", "step": null, "ts": 1720267448.560881}]}, "version": 52, "at": 1720267448.5609548}
{"obj": {"type": "AssignString", "path": ["models", "SVM", "v1.0.0", "parameters", "kernel"], "value": "rbf"}, "version": 53, "at": 1720267448.561059}
{"obj": {"type": "LogStrings", "path": ["monitoring", "07a4a04f", "stdout"], "values": [{"value": "\n", "step": null, "ts": 1720267448.597064}]}, "version": 54, "at": 1720267448.597088}
{"obj": {"type": "LogFloats", "path": ["monitoring", "07a4a04f", "cpu"], "values": [{"value": 30.5, "step": null, "ts": 1720267449.1801338}]}, "version": 55, "at": 1720267449.180473}
{"obj": {"type": "LogFloats", "path": ["monitoring", "07a4a04f", "memory"], "values": [{"value": 6.528472900390625, "step": null, "ts": 1720267449.1801338}]}, "version": 56, "at": 1720267449.180583}
{"obj": {"type": "LogFloats", "path": ["monitoring", "07a4a04f", "cpu"], "values": [{"value": 28.3, "step": null, "ts": 1720267459.182959}]}, "version": 57, "at": 1720267459.1835608}
{"obj": {"type": "LogFloats", "path": ["monitoring", "07a4a04f", "memory"], "values": [{"value": 6.5975799560546875, "step": null, "ts": 1720267459.182959}]}, "version": 58, "at": 1720267459.183789}
{"obj": {"type": "LogFloats", "path": ["monitoring", "07a4a04f", "cpu"], "values": [{"value": 28.4, "step": null, "ts": 1720267469.1878881}]}, "version": 59, "at": 1720267469.188446}
{"obj": {"type": "LogFloats", "path": ["monitoring", "07a4a04f", "memory"], "values": [{"value": 6.754638671875, "step": null, "ts": 1720267469.1878881}]}, "version": 60, "at": 1720267469.1886442}
{"obj": {"type": "LogFloats", "path": ["monitoring", "07a4a04f", "cpu"], "values": [{"value": 32.0, "step": null, "ts": 1720267479.192898}]}, "version": 61, "at": 1720267479.19389}
{"obj": {"type": "LogFloats", "path": ["monitoring", "07a4a04f", "memory"], "values": [{"value": 6.8611297607421875, "step": null, "ts": 1720267479.192898}]}, "version": 62, "at": 1720267479.194358}
{"obj": {"type": "LogFloats", "path": ["monitoring", "07a4a04f", "cpu"], "values": [{"value": 23.8, "step": null, "ts": 1720267489.1992168}]}, "version": 63, "at": 1720267489.199847}
{"obj": {"type": "LogFloats", "path": ["monitoring", "07a4a04f", "memory"], "values": [{"value": 6.586944580078125, "step": null, "ts": 1720267489.1992168}]}, "version": 64, "at": 1720267489.200044}
{"obj": {"type": "LogFloats", "path": ["monitoring", "07a4a04f", "cpu"], "values": [{"value": 31.4, "step": null, "ts": 1720267499.204107}]}, "version": 65, "at": 1720267499.2047548}
{"obj": {"type": "LogFloats", "path": ["monitoring", "07a4a04f", "memory"], "values": [{"value": 6.8614959716796875, "step": null, "ts": 1720267499.204107}]}, "version": 66, "at": 1720267499.205024}
{"obj": {"type": "LogFloats", "path": ["monitoring", "07a4a04f", "cpu"], "values": [{"value": 27.0, "step": null, "ts": 1720267509.2062888}]}, "version": 67, "at": 1720267509.2071428}
{"obj": {"type": "LogFloats", "path": ["monitoring", "07a4a04f", "memory"], "values": [{"value": 6.571044921875, "step": null, "ts": 1720267509.2062888}]}, "version": 68, "at": 1720267509.207498}
{"obj": {"type": "LogFloats", "path": ["monitoring", "07a4a04f", "cpu"], "values": [{"value": 29.7, "step": null, "ts": 1720267519.2076852}]}, "version": 69, "at": 1720267519.20875}
{"obj": {"type": "LogFloats", "path": ["monitoring", "07a4a04f", "memory"], "values": [{"value": 6.782501220703125, "step": null, "ts": 1720267519.2076852}]}, "version": 70, "at": 1720267519.209179}
{"obj": {"type": "LogFloats", "path": ["monitoring", "07a4a04f", "cpu"], "values": [{"value": 36.3, "step": null, "ts": 1720267529.214134}]}, "version": 71, "at": 1720267529.214933}
{"obj": {"type": "LogFloats", "path": ["monitoring", "07a4a04f", "memory"], "values": [{"value": 6.769989013671875, "step": null, "ts": 1720267529.214134}]}, "version": 72, "at": 1720267529.215172}
{"obj": {"type": "LogFloats", "path": ["monitoring", "07a4a04f", "cpu"], "values": [{"value": 32.9, "step": null, "ts": 1720267539.217658}]}, "version": 73, "at": 1720267539.218474}
{"obj": {"type": "LogFloats", "path": ["monitoring", "07a4a04f", "memory"], "values": [{"value": 6.7401123046875, "step": null, "ts": 1720267539.217658}]}, "version": 74, "at": 1720267539.218699}
{"obj": {"type": "LogFloats", "path": ["monitoring", "07a4a04f", "cpu"], "values": [{"value": 33.0, "step": null, "ts": 1720267549.2226079}]}, "version": 75, "at": 1720267549.2233431}
{"obj": {"type": "LogFloats", "path": ["monitoring", "07a4a04f", "memory"], "values": [{"value": 6.69940185546875, "step": null, "ts": 1720267549.2226079}]}, "version": 76, "at": 1720267549.223575}
{"obj": {"type": "LogFloats", "path": ["monitoring", "07a4a04f", "cpu"], "values": [{"value": 26.1, "step": null, "ts": 1720267559.22756}]}, "version": 77, "at": 1720267559.228218}
{"obj": {"type": "LogFloats", "path": ["monitoring", "07a4a04f", "memory"], "values": [{"value": 6.707672119140625, "step": null, "ts": 1720267559.22756}]}, "version": 78, "at": 1720267559.228425}
{"obj": {"type": "LogFloats", "path": ["monitoring", "07a4a04f", "cpu"], "values": [{"value": 36.0, "step": null, "ts": 1720267569.2325919}]}, "version": 79, "at": 1720267569.233335}
{"obj": {"type": "LogFloats", "path": ["monitoring", "07a4a04f", "memory"], "values": [{"value": 6.808441162109375, "step": null, "ts": 1720267569.2325919}]}, "version": 80, "at": 1720267569.233572}
{"obj": {"type": "LogFloats", "path": ["monitoring", "07a4a04f", "cpu"], "values": [{"value": 38.6, "step": null, "ts": 1720267579.238577}]}, "version": 81, "at": 1720267579.239361}
{"obj": {"type": "LogFloats", "path": ["monitoring", "07a4a04f", "memory"], "values": [{"value": 6.5135955810546875, "step": null, "ts": 1720267579.238577}]}, "version": 82, "at": 1720267579.239638}
{"obj": {"type": "LogFloats", "path": ["monitoring", "07a4a04f", "cpu"], "values": [{"value": 35.8, "step": null, "ts": 1720267589.239991}]}, "version": 83, "at": 1720267589.240756}
{"obj": {"type": "LogFloats", "path": ["monitoring", "07a4a04f", "memory"], "values": [{"value": 6.690460205078125, "step": null, "ts": 1720267589.239991}]}, "version": 84, "at": 1720267589.2410119}
{"obj": {"type": "LogFloats", "path": ["monitoring", "07a4a04f", "cpu"], "values": [{"value": 33.5, "step": null, "ts": 1720267599.24512}]}, "version": 85, "at": 1720267599.245995}
{"obj": {"type": "LogFloats", "path": ["monitoring", "07a4a04f", "memory"], "values": [{"value": 6.767791748046875, "step": null, "ts": 1720267599.24512}]}, "version": 86, "at": 1720267599.246253}
{"obj": {"type": "LogFloats", "path": ["monitoring", "07a4a04f", "cpu"], "values": [{"value": 34.4, "step": null, "ts": 1720267609.2512069}]}, "version": 87, "at": 1720267609.252226}
{"obj": {"type": "LogFloats", "path": ["monitoring", "07a4a04f", "memory"], "values": [{"value": 6.7061767578125, "step": null, "ts": 1720267609.2512069}]}, "version": 88, "at": 1720267609.2525592}
{"obj": {"type": "LogFloats", "path": ["monitoring", "07a4a04f", "cpu"], "values": [{"value": 29.2, "step": null, "ts": 1720267619.257548}]}, "version": 89, "at": 1720267619.258634}
{"obj": {"type": "LogFloats", "path": ["monitoring", "07a4a04f", "memory"], "values": [{"value": 6.6767578125, "step": null, "ts": 1720267619.257548}]}, "version": 90, "at": 1720267619.258938}
